Connecting to aws-0-ap-southeast-1.pooler.supabase.com:6543/postgres...
python : Traceback (most 
recent call last):
At line:1 char:1
+ python migrate_schema.py 
> error.log 2>&1
+ ~~~~~~~~~~~~~~~~~~~~~~~~~
~~~~~~~~~~~~~~~~
    + CategoryInfo         
     : NotSpecified: (Tra  
  ceback (most recent ca   
 ll last)::String) [],     
RemoteException
    + FullyQualifiedErrorI 
   d : NativeCommandError
 
  File "C:\Users\ACER\AppDa
ta\Roaming\Python\Python314
\site-packages\sqlalchemy\e
ngine\base.py", line 143, 
in __init__
    self._dbapi_connection 
= engine.raw_connection()
                           
  ~~~~~~~~~~~~~~~~~~~~~^^
  File "C:\Users\ACER\AppDa
ta\Roaming\Python\Python314
\site-packages\sqlalchemy\e
ngine\base.py", line 3309, 
in raw_connection
    return 
self.pool.connect()
           
~~~~~~~~~~~~~~~~~^^
  File "C:\Users\ACER\AppDa
ta\Roaming\Python\Python314
\site-packages\sqlalchemy\p
ool\base.py", line 447, in 
connect
    return _ConnectionFairy
._checkout(self)
           ~~~~~~~~~~~~~~~~
~~~~~~~~~~^^^^^^
  File "C:\Users\ACER\AppDa
ta\Roaming\Python\Python314
\site-packages\sqlalchemy\p
ool\base.py", line 1264, 
in _checkout
    fairy = _ConnectionReco
rd.checkout(pool)
  File "C:\Users\ACER\AppDa
ta\Roaming\Python\Python314
\site-packages\sqlalchemy\p
ool\base.py", line 711, in 
checkout
    rec = pool._do_get()
  File "C:\Users\ACER\AppDa
ta\Roaming\Python\Python314
\site-packages\sqlalchemy\p
ool\impl.py", line 177, in 
_do_get
    with 
util.safe_reraise():
         
~~~~~~~~~~~~~~~~~^^
  File "C:\Users\ACER\AppDa
ta\Roaming\Python\Python314
\site-packages\sqlalchemy\u
til\langhelpers.py", line 
224, in __exit__
    raise exc_value.with_tr
aceback(exc_tb)
  File "C:\Users\ACER\AppDa
ta\Roaming\Python\Python314
\site-packages\sqlalchemy\p
ool\impl.py", line 175, in 
_do_get
    return 
self._create_connection()
           
~~~~~~~~~~~~~~~~~~~~~~~^^
  File "C:\Users\ACER\AppDa
ta\Roaming\Python\Python314
\site-packages\sqlalchemy\p
ool\base.py", line 388, in 
_create_connection
    return 
_ConnectionRecord(self)
  File "C:\Users\ACER\AppDa
ta\Roaming\Python\Python314
\site-packages\sqlalchemy\p
ool\base.py", line 673, in 
__init__
    self.__connect()
    ~~~~~~~~~~~~~~^^
  File "C:\Users\ACER\AppDa
ta\Roaming\Python\Python314
\site-packages\sqlalchemy\p
ool\base.py", line 899, in 
__connect
    with 
util.safe_reraise():
         
~~~~~~~~~~~~~~~~~^^
  File "C:\Users\ACER\AppDa
ta\Roaming\Python\Python314
\site-packages\sqlalchemy\u
til\langhelpers.py", line 
224, in __exit__
    raise exc_value.with_tr
aceback(exc_tb)
  File "C:\Users\ACER\AppDa
ta\Roaming\Python\Python314
\site-packages\sqlalchemy\p
ool\base.py", line 895, in 
__connect
    self.dbapi_connection 
= connection = 
pool._invoke_creator(self)
                           
              
~~~~~~~~~~~~~~~~~~~~^^^^^^
  File "C:\Users\ACER\AppDa
ta\Roaming\Python\Python314
\site-packages\sqlalchemy\e
ngine\create.py", line 
661, in connect
    return 
dialect.connect(*cargs, 
**cparams)
           ~~~~~~~~~~~~~~~^
^^^^^^^^^^^^^^^^^^
  File "C:\Users\ACER\AppDa
ta\Roaming\Python\Python314
\site-packages\sqlalchemy\e
ngine\default.py", line 
630, in connect
    return self.loaded_dbap
i.connect(*cargs, 
**cparams)  # type: 
ignore[no-any-return]  # 
NOQA: E501
           ~~~~~~~~~~~~~~~~
~~~~~~~~~^^^^^^^^^^^^^^^^^^
^
  File "C:\Users\ACER\AppDa
ta\Roaming\Python\Python314
\site-packages\psycopg2\__i
nit__.py", line 135, in 
connect
    conn = _connect(dsn, co
nnection_factory=connection
_factory, **kwasync)
psycopg2.OperationalError: 
connection to server at "aw
s-0-ap-southeast-1.pooler.s
upabase.com" 
(54.255.219.82), port 6543 
failed: FATAL:  Tenant or 
user not found
connection to server at "aw
s-0-ap-southeast-1.pooler.s
upabase.com" 
(54.255.219.82), port 6543 
failed: FATAL:  Tenant or 
user not found


The above exception was 
the direct cause of the 
following exception:

Traceback (most recent 
call last):
  File "D:\pln2juta\backend
\migrate_schema.py", line 
11, in <module>
    with engine.connect() 
as conn:
         ~~~~~~~~~~~~~~^^
  File "C:\Users\ACER\AppDa
ta\Roaming\Python\Python314
\site-packages\sqlalchemy\e
ngine\base.py", line 3285, 
in connect
    return 
self._connection_cls(self)
           
~~~~~~~~~~~~~~~~~~~~^^^^^^
  File "C:\Users\ACER\AppDa
ta\Roaming\Python\Python314
\site-packages\sqlalchemy\e
ngine\base.py", line 145, 
in __init__
    Connection._handle_dbap
i_exception_noconnection(
    ~~~~~~~~~~~~~~~~~~~~~~~
~~~~~~~~~~~~~~~~~~~~~~~~^
        err, dialect, 
engine
        
^^^^^^^^^^^^^^^^^^^^
    )
    ^
  File "C:\Users\ACER\AppDa
ta\Roaming\Python\Python314
\site-packages\sqlalchemy\e
ngine\base.py", line 2448, 
in _handle_dbapi_exception_
noconnection
    raise sqlalchemy_except
ion.with_traceback(exc_info
[2]) from e
  File "C:\Users\ACER\AppDa
ta\Roaming\Python\Python314
\site-packages\sqlalchemy\e
ngine\base.py", line 143, 
in __init__
    self._dbapi_connection 
= engine.raw_connection()
                           
  ~~~~~~~~~~~~~~~~~~~~~^^
  File "C:\Users\ACER\AppDa
ta\Roaming\Python\Python314
\site-packages\sqlalchemy\e
ngine\base.py", line 3309, 
in raw_connection
    return 
self.pool.connect()
           
~~~~~~~~~~~~~~~~~^^
  File "C:\Users\ACER\AppDa
ta\Roaming\Python\Python314
\site-packages\sqlalchemy\p
ool\base.py", line 447, in 
connect
    return _ConnectionFairy
._checkout(self)
           ~~~~~~~~~~~~~~~~
~~~~~~~~~~^^^^^^
  File "C:\Users\ACER\AppDa
ta\Roaming\Python\Python314
\site-packages\sqlalchemy\p
ool\base.py", line 1264, 
in _checkout
    fairy = _ConnectionReco
rd.checkout(pool)
  File "C:\Users\ACER\AppDa
ta\Roaming\Python\Python314
\site-packages\sqlalchemy\p
ool\base.py", line 711, in 
checkout
    rec = pool._do_get()
  File "C:\Users\ACER\AppDa
ta\Roaming\Python\Python314
\site-packages\sqlalchemy\p
ool\impl.py", line 177, in 
_do_get
    with 
util.safe_reraise():
         
~~~~~~~~~~~~~~~~~^^
  File "C:\Users\ACER\AppDa
ta\Roaming\Python\Python314
\site-packages\sqlalchemy\u
til\langhelpers.py", line 
224, in __exit__
    raise exc_value.with_tr
aceback(exc_tb)
  File "C:\Users\ACER\AppDa
ta\Roaming\Python\Python314
\site-packages\sqlalchemy\p
ool\impl.py", line 175, in 
_do_get
    return 
self._create_connection()
           
~~~~~~~~~~~~~~~~~~~~~~~^^
  File "C:\Users\ACER\AppDa
ta\Roaming\Python\Python314
\site-packages\sqlalchemy\p
ool\base.py", line 388, in 
_create_connection
    return 
_ConnectionRecord(self)
  File "C:\Users\ACER\AppDa
ta\Roaming\Python\Python314
\site-packages\sqlalchemy\p
ool\base.py", line 673, in 
__init__
    self.__connect()
    ~~~~~~~~~~~~~~^^
  File "C:\Users\ACER\AppDa
ta\Roaming\Python\Python314
\site-packages\sqlalchemy\p
ool\base.py", line 899, in 
__connect
    with 
util.safe_reraise():
         
~~~~~~~~~~~~~~~~~^^
  File "C:\Users\ACER\AppDa
ta\Roaming\Python\Python314
\site-packages\sqlalchemy\u
til\langhelpers.py", line 
224, in __exit__
    raise exc_value.with_tr
aceback(exc_tb)
  File "C:\Users\ACER\AppDa
ta\Roaming\Python\Python314
\site-packages\sqlalchemy\p
ool\base.py", line 895, in 
__connect
    self.dbapi_connection 
= connection = 
pool._invoke_creator(self)
                           
              
~~~~~~~~~~~~~~~~~~~~^^^^^^
  File "C:\Users\ACER\AppDa
ta\Roaming\Python\Python314
\site-packages\sqlalchemy\e
ngine\create.py", line 
661, in connect
    return 
dialect.connect(*cargs, 
**cparams)
           ~~~~~~~~~~~~~~~^
^^^^^^^^^^^^^^^^^^
  File "C:\Users\ACER\AppDa
ta\Roaming\Python\Python314
\site-packages\sqlalchemy\e
ngine\default.py", line 
630, in connect
    return self.loaded_dbap
i.connect(*cargs, 
**cparams)  # type: 
ignore[no-any-return]  # 
NOQA: E501
           ~~~~~~~~~~~~~~~~
~~~~~~~~~^^^^^^^^^^^^^^^^^^
^
  File "C:\Users\ACER\AppDa
ta\Roaming\Python\Python314
\site-packages\psycopg2\__i
nit__.py", line 135, in 
connect
    conn = _connect(dsn, co
nnection_factory=connection
_factory, **kwasync)
sqlalchemy.exc.OperationalE
rror: (psycopg2.Operational
Error) connection to 
server at "aws-0-ap-southea
st-1.pooler.supabase.com" 
(54.255.219.82), port 6543 
failed: FATAL:  Tenant or 
user not found
connection to server at "aw
s-0-ap-southeast-1.pooler.s
upabase.com" 
(54.255.219.82), port 6543 
failed: FATAL:  Tenant or 
user not found

(Background on this error 
at: https://sqlalche.me/e/2
0/e3q8)
